i> 0000E7D4 Build: dbexperiment-main@146fdc399 on Nov 30 2024
i> 0000E7D4 Storage root: c:\Users\AlexK\OneDrive\Documents\xeniamanager\xenia-manager\versions\canary-dbexperiment\2.3.0
i> 0000E7D4 Content root: c:\Users\AlexK\OneDrive\Documents\xeniamanager\xenia-manager\versions\canary-dbexperiment\2.3.0\content
i> 0000E7D4 Host cache root: c:\Users\AlexK\OneDrive\Documents\xeniamanager\xenia-manager\versions\canary-dbexperiment\2.3.0\cache_host
i> 0000B178 winkey: "0x08" binds key 0x8 to controller input GUIDE.
i> 0000B178 winkey: "^A" binds key 0x41 to controller input DPAD_LEFT.
i> 0000B178 winkey: "^D" binds key 0x44 to controller input DPAD_RIGHT.
i> 0000B178 winkey: "^S" binds key 0x53 to controller input DPAD_DOWN.
i> 0000B178 winkey: "^W" binds key 0x57 to controller input DPAD_UP.
i> 0000B178 winkey: "_A" binds key 0x41 to controller input LEFT_THUMB_LEFT.
i> 0000B178 winkey: "_D" binds key 0x44 to controller input LEFT_THUMB_RIGHT.
i> 0000B178 winkey: "_S" binds key 0x53 to controller input LEFT_THUMB_DOWN.
i> 0000B178 winkey: "_W" binds key 0x57 to controller input LEFT_THUMB_UP.
i> 0000B178 winkey: "F" binds key 0x46 to controller input LEFT_THUMB_PRESSED.
i> 0000B178 winkey: "0x26" binds key 0x26 to controller input RIGHT_THUMB_UP.
i> 0000B178 winkey: "0x28" binds key 0x28 to controller input RIGHT_THUMB_DOWN.
i> 0000B178 winkey: "0x27" binds key 0x27 to controller input RIGHT_THUMB_RIGHT.
i> 0000B178 winkey: "0x25" binds key 0x25 to controller input RIGHT_THUMB_LEFT.
i> 0000B178 winkey: "K" binds key 0x4B to controller input RIGHT_THUMB_PRESSED.
i> 0000B178 winkey: "L" binds key 0x4C to controller input X.
i> 0000B178 winkey: "0xDE" binds key 0xDE to controller input B.
i> 0000B178 winkey: "0xBA" binds key 0xBA to controller input A.
i> 0000B178 winkey: "P" binds key 0x50 to controller input Y.
i> 0000B178 winkey: "Q" binds key 0x51 to controller input LEFT_TRIGGER.
i> 0000B178 winkey: "I" binds key 0x49 to controller input LEFT_TRIGGER.
i> 0000B178 winkey: "E" binds key 0x45 to controller input RIGHT_TRIGGER.
i> 0000B178 winkey: "O" binds key 0x4F to controller input RIGHT_TRIGGER.
i> 0000B178 winkey: "Z" binds key 0x5A to controller input BACK.
i> 0000B178 winkey: "X" binds key 0x58 to controller input START.
i> 0000B178 winkey: "1" binds key 0x31 to controller input LEFT_SHOULDER.
i> 0000B178 winkey: "3" binds key 0x33 to controller input RIGHT_SHOULDER.
i> 0000E7D4 SDL Version 2.30.8 initialized.
i> 0000E7D4 SDL OnControllerDeviceAdded: "Xbox 360 Controller", JoystickType(1), GameControllerType(1), VendorID(0x045E), ProductID(0x028E), GUID(0300b9695e0400008e02000000007200)
i> 0000E7D4 SDL OnControllerDeviceAdded: Added at index 0.
i> 0000E7D4 SDL Controller 0: 0300b9695e0400008e02000000007200,*,a:b0,b:b1,x:b2,y:b3,back:b6,guide:b10,start:b7,leftstick:b8,rightstick:b9,leftshoulder:b4,rightshoulder:b5,dpup:h0.1,dpdown:h0.4,dpleft:h0.8,dpright:h0.2,leftx:a0,lefty:a1,rightx:a2,righty:a3,lefttrigger:a4,righttrigger:a5,crc:69b9,platform:Windows
w> 0000E7D4 SDL GameControllerDB: file 'gamecontrollerdb.txt' does not exist.
i> 0000B178 PatchDB: Loaded patches for 0 titles
!> 0000B178 ProfileManager: Found 0 Profiles
i> 0000B178 Added handle:F8000000 for class xe::kernel::XObject
i> 0000B178 Added handle:01000004 for class xe::kernel::XObject
i> 0000B178 Added handle:01000008 for class xe::kernel::XObject
i> 0000B178 Added handle:0100000C for class xe::kernel::XObject
i> 0000B178 DXGI adapter: NVIDIA GeForce RTX 3060 Laptop GPU (vendor 0x10DE, device 0x2560)
i> 0000B178 Direct3D 12 device and OS features:
* Max GPU virtual address bits per resource: 40
* Non-zeroed heap creation: yes
* Pixel-shader-specified stencil reference: no
* Programmable sample positions: tier 2
* Rasterizer-ordered views: yes
* Resource binding: tier 3
* Tiled resources: tier 3
* Unaligned block-compressed textures: no
i> 0000B178 Added handle:01000010 for class xe::kernel::XObject
i> 0000B178 XThread01000010 (1) Stack: 70010000-70030000
i> 0000B178 Added handle:01000014 for class xe::kernel::XObject
i> 0000B178 XThread01000014 (2) Stack: 70050000-70070000
K> 01000014 XThread::Execute thid 2 (handle=01000014, 'GPU Frame limiter (01000014)', native=0000A208, <host>)
K> 01000010 XThread::Execute thid 1 (handle=01000010, 'GPU Commands (01000010)', native=00005BC0, <host>)
i> 0000B178 Added handle:01000018 for class xe::kernel::XObject
i> 0000B178 XThread01000018 (3) Stack: 70090000-700B0000
i> 0000B178 Added handle:0100001C for class xe::kernel::XObject
i> 0000B178 XThread0100001C (4) Stack: 700D0000-700F0000
K> 01000018 XThread::Execute thid 3 (handle=01000018, 'XMA Decoder (01000018)', native=00007B08, <host>)
K> 0100001C XThread::Execute thid 4 (handle=0100001C, 'Audio Worker (0100001C)', native=000098A4, <host>)
i> 0000E7D4 Loading module game:\dash.xex
i> 0000E7D4 Added handle:F8000004 for class xe::kernel::XObject
F> 0000E7D4 HostPathDevice::ResolvePath(\dash.xex)
i> 0000B784 New controller connected to slot 0.
i> 0000E7D4 Module \Device\Harddisk0\Partition1\dash.xex:
Module Hash: 939748996B56041D
    Module Flags: 00000001
Security Header:
     Image Flags: 30000000
    Load Address: 92000000
      Image Size: 007F5000
    Export Table: 9245562C
Optional Header Count: 15
  XEX_HEADER_RESOURCE_INFO:
    FFFE07D1 924B0080-924B0E99, 3609b
    dashskn2 924B0F00-924B6742, 22594b
    dashskn1 924B6780-924BC66E, 24302b
    download 924BC680-924D0CBF, 83519b
    oobe     924D0D00-924E062C, 63788b
    neon     924E0680-9253CD62, 378594b
    signupbo 9253CD80-9253E364, 5604b
    dashuisk 9253E380-92587936, 300470b
    network  92587980-92613462, 572130b
    botd     92613480-9263262F, 127407b
    live     92632680-92643A77, 70647b
    videos   92643A80-926456BE, 7230b
    pictures 92645700-9265327C, 56188b
    music    92653280-92677CA0, 150048b
    memory   92677D00-92691E7F, 106879b
    accountm 92691E80-926F9180, 422656b
    mediabla 926F9180-926FF9C2, 26690b
    gamesbla 926FFA00-927070E3, 30435b
    games    92707100-9270FED9, 36313b
    dvd      9270FF00-9271A4A5, 42405b
    dashmark 9271A500-9272C726, 74278b
    dashcomm 9272C780-927519AE, 152110b
    dashmain 92751A00-9277F090, 186000b
    consoles 9277F100-927E1D11, 404497b
    arcade   927E1D80-927F4464, 75492b
  XEX_HEADER_FILE_FORMAT_INFO (TODO):
  XEX_HEADER_BOUNDING_PATH: \Device\Flash\dash.xex
  XEX_HEADER_ORIGINAL_BASE_ADDRESS: 00400000
  XEX_HEADER_ENTRY_POINT: 920A8848
  XEX_HEADER_IMAGE_BASE_ADDRESS: 92000000
  XEX_HEADER_IMPORT_LIBRARIES:
    xam.xex - 364 imports
      Version: 0.0.1888.32
      Min Version: 0.0.1888.32
    xboxkrnl.exe - 372 imports
      Version: 0.0.1888.32
      Min Version: 0.0.1888.32
  XEX_HEADER_CHECKSUM_TIMESTAMP:
    Checksum : 00496E3D
    Time Stamp: 433493AB - Fri Sep 23 19:45:47 2005
  XEX_HEADER_STATIC_LIBRARIES:
    XAPILIB  : 2.0.1888.0
    LIBC     : 2.0.1888.0
    XBOXKRNL : 2.0.1888.0
    D3D9     : 2.0.1888.0
    XUIRUN   : 2.0.1888.0
    XUIRNDR  : 2.0.1888.0
    XMP      : 2.0.1888.0
    XONLINEP : 2.0.1888.0
    XAPILBP  : 2.0.1888.0
    XAUD     : 2.0.1888.0
    XUIVIDE  : 2.0.1888.0
    XGRAPHC  : 2.0.1888.0
  XEX_HEADER_TLS_INFO:
          Slot Count: 64
    Raw Data Address: 00000000
           Data Size: 0
       Raw Data Size: 0
  XEX_HEADER_DEFAULT_STACK_SIZE: 65536
  XEX_HEADER_SYSTEM_FLAGS: 00000143
  XEX_HEADER_EXECUTION_INFO:
       Media ID: 00000000
       Title ID: FFFE07D1
    Savegame ID: FFFE07D1
    Disc Number / Total: 0 / 0
  XEX_HEADER_LAN_KEY: 00 00 00 00 00 00 00 00 00 00 00 00 00 00 00 00
  XEX_HEADER_EXPORTS_BY_NAME:
Sections:
    0 RODATA   16 pages    92000000 - 92010000 (65536 bytes)
   16 RODATA   16 pages    92010000 - 92020000 (65536 bytes)
   32 RODATA   16 pages    92020000 - 92030000 (65536 bytes)
   48 RODATA   16 pages    92030000 - 92040000 (65536 bytes)
   64 RODATA   16 pages    92040000 - 92050000 (65536 bytes)
   80 RODATA   16 pages    92050000 - 92060000 (65536 bytes)
   96 RODATA   16 pages    92060000 - 92070000 (65536 bytes)
  112 RODATA   16 pages    92070000 - 92080000 (65536 bytes)
  128 RODATA   16 pages    92080000 - 92090000 (65536 bytes)
  144 RODATA   16 pages    92090000 - 920A0000 (65536 bytes)
  160 RODATA    3 pages    920A0000 - 920A3000 (12288 bytes)
  163 CODE     13 pages    920A3000 - 920B0000 (53248 bytes)
  176 CODE     16 pages    920B0000 - 920C0000 (65536 bytes)
  192 CODE     16 pages    920C0000 - 920D0000 (65536 bytes)
  208 CODE     16 pages    920D0000 - 920E0000 (65536 bytes)
  224 CODE     16 pages    920E0000 - 920F0000 (65536 bytes)
  240 CODE     16 pages    920F0000 - 92100000 (65536 bytes)
  256 CODE     16 pages    92100000 - 92110000 (65536 bytes)
  272 CODE     16 pages    92110000 - 92120000 (65536 bytes)
  288 CODE     16 pages    92120000 - 92130000 (65536 bytes)
  304 CODE     16 pages    92130000 - 92140000 (65536 bytes)
  320 CODE     16 pages    92140000 - 92150000 (65536 bytes)
  336 CODE     16 pages    92150000 - 92160000 (65536 bytes)
  352 CODE     16 pages    92160000 - 92170000 (65536 bytes)
  368 CODE     16 pages    92170000 - 92180000 (65536 bytes)
  384 CODE     16 pages    92180000 - 92190000 (65536 bytes)
  400 CODE     16 pages    92190000 - 921A0000 (65536 bytes)
  416 CODE     16 pages    921A0000 - 921B0000 (65536 bytes)
  432 CODE     16 pages    921B0000 - 921C0000 (65536 bytes)
  448 CODE     16 pages    921C0000 - 921D0000 (65536 bytes)
  464 CODE     16 pages    921D0000 - 921E0000 (65536 bytes)
  480 CODE     16 pages    921E0000 - 921F0000 (65536 bytes)
  496 CODE     16 pages    921F0000 - 92200000 (65536 bytes)
  512 CODE     16 pages    92200000 - 92210000 (65536 bytes)
  528 CODE     16 pages    92210000 - 92220000 (65536 bytes)
  544 CODE     16 pages    92220000 - 92230000 (65536 bytes)
  560 CODE     16 pages    92230000 - 92240000 (65536 bytes)
  576 CODE     16 pages    92240000 - 92250000 (65536 bytes)
  592 CODE     16 pages    92250000 - 92260000 (65536 bytes)
  608 CODE     16 pages    92260000 - 92270000 (65536 bytes)
  624 CODE     16 pages    92270000 - 92280000 (65536 bytes)
  640 CODE     16 pages    92280000 - 92290000 (65536 bytes)
  656 CODE     16 pages    92290000 - 922A0000 (65536 bytes)
  672 CODE     16 pages    922A0000 - 922B0000 (65536 bytes)
  688 CODE     16 pages    922B0000 - 922C0000 (65536 bytes)
  704 CODE     16 pages    922C0000 - 922D0000 (65536 bytes)
  720 CODE     16 pages    922D0000 - 922E0000 (65536 bytes)
  736 CODE     16 pages    922E0000 - 922F0000 (65536 bytes)
  752 CODE     16 pages    922F0000 - 92300000 (65536 bytes)
  768 CODE     16 pages    92300000 - 92310000 (65536 bytes)
  784 CODE     16 pages    92310000 - 92320000 (65536 bytes)
  800 CODE     16 pages    92320000 - 92330000 (65536 bytes)
  816 CODE     16 pages    92330000 - 92340000 (65536 bytes)
  832 CODE     16 pages    92340000 - 92350000 (65536 bytes)
  848 CODE     16 pages    92350000 - 92360000 (65536 bytes)
  864 CODE     16 pages    92360000 - 92370000 (65536 bytes)
  880 CODE     16 pages    92370000 - 92380000 (65536 bytes)
  896 CODE     16 pages    92380000 - 92390000 (65536 bytes)
  912 CODE     16 pages    92390000 - 923A0000 (65536 bytes)
  928 CODE     16 pages    923A0000 - 923B0000 (65536 bytes)
  944 CODE     16 pages    923B0000 - 923C0000 (65536 bytes)
  960 CODE     16 pages    923C0000 - 923D0000 (65536 bytes)
  976 CODE     16 pages    923D0000 - 923E0000 (65536 bytes)
  992 CODE     16 pages    923E0000 - 923F0000 (65536 bytes)
  1008 CODE     16 pages    923F0000 - 92400000 (65536 bytes)
  1024 CODE     16 pages    92400000 - 92410000 (65536 bytes)
  1040 CODE     16 pages    92410000 - 92420000 (65536 bytes)
  1056 CODE     16 pages    92420000 - 92430000 (65536 bytes)
  1072 CODE     16 pages    92430000 - 92440000 (65536 bytes)
  1088 CODE     16 pages    92440000 - 92450000 (65536 bytes)
  1104 CODE      6 pages    92450000 - 92456000 (24576 bytes)
  1110 RWDATA   10 pages    92456000 - 92460000 (40960 bytes)
  1120 RWDATA   16 pages    92460000 - 92470000 (65536 bytes)
  1136 RWDATA   16 pages    92470000 - 92480000 (65536 bytes)
  1152 RWDATA   16 pages    92480000 - 92490000 (65536 bytes)
  1168 RWDATA   16 pages    92490000 - 924A0000 (65536 bytes)
  1184 RWDATA   16 pages    924A0000 - 924B0000 (65536 bytes)
  1200 RODATA   16 pages    924B0000 - 924C0000 (65536 bytes)
  1216 RODATA   16 pages    924C0000 - 924D0000 (65536 bytes)
  1232 RODATA   16 pages    924D0000 - 924E0000 (65536 bytes)
  1248 RODATA   16 pages    924E0000 - 924F0000 (65536 bytes)
  1264 RODATA   16 pages    924F0000 - 92500000 (65536 bytes)
  1280 RODATA   16 pages    92500000 - 92510000 (65536 bytes)
  1296 RODATA   16 pages    92510000 - 92520000 (65536 bytes)
  1312 RODATA   16 pages    92520000 - 92530000 (65536 bytes)
  1328 RODATA   16 pages    92530000 - 92540000 (65536 bytes)
  1344 RODATA   16 pages    92540000 - 92550000 (65536 bytes)
  1360 RODATA   16 pages    92550000 - 92560000 (65536 bytes)
  1376 RODATA   16 pages    92560000 - 92570000 (65536 bytes)
  1392 RODATA   16 pages    92570000 - 92580000 (65536 bytes)
  1408 RODATA   16 pages    92580000 - 92590000 (65536 bytes)
  1424 RODATA   16 pages    92590000 - 925A0000 (65536 bytes)
  1440 RODATA   16 pages    925A0000 - 925B0000 (65536 bytes)
  1456 RODATA   16 pages    925B0000 - 925C0000 (65536 bytes)
  1472 RODATA   16 pages    925C0000 - 925D0000 (65536 bytes)
  1488 RODATA   16 pages    925D0000 - 925E0000 (65536 bytes)
  1504 RODATA   16 pages    925E0000 - 925F0000 (65536 bytes)
  1520 RODATA   16 pages    925F0000 - 92600000 (65536 bytes)
  1536 RODATA   16 pages    92600000 - 92610000 (65536 bytes)
  1552 RODATA   16 pages    92610000 - 92620000 (65536 bytes)
  1568 RODATA   16 pages    92620000 - 92630000 (65536 bytes)
  1584 RODATA   16 pages    92630000 - 92640000 (65536 bytes)
  1600 RODATA   16 pages    92640000 - 92650000 (65536 bytes)
  1616 RODATA   16 pages    92650000 - 92660000 (65536 bytes)
  1632 RODATA   16 pages    92660000 - 92670000 (65536 bytes)
  1648 RODATA   16 pages    92670000 - 92680000 (65536 bytes)
  1664 RODATA   16 pages    92680000 - 92690000 (65536 bytes)
  1680 RODATA   16 pages    92690000 - 926A0000 (65536 bytes)
  1696 RODATA   16 pages    926A0000 - 926B0000 (65536 bytes)
  1712 RODATA   16 pages    926B0000 - 926C0000 (65536 bytes)
  1728 RODATA   16 pages    926C0000 - 926D0000 (65536 bytes)
  1744 RODATA   16 pages    926D0000 - 926E0000 (65536 bytes)
  1760 RODATA   16 pages    926E0000 - 926F0000 (65536 bytes)
  1776 RODATA   16 pages    926F0000 - 92700000 (65536 bytes)
  1792 RODATA   16 pages    92700000 - 92710000 (65536 bytes)
  1808 RODATA   16 pages    92710000 - 92720000 (65536 bytes)
  1824 RODATA   16 pages    92720000 - 92730000 (65536 bytes)
  1840 RODATA   16 pages    92730000 - 92740000 (65536 bytes)
  1856 RODATA   16 pages    92740000 - 92750000 (65536 bytes)
  1872 RODATA   16 pages    92750000 - 92760000 (65536 bytes)
  1888 RODATA   16 pages    92760000 - 92770000 (65536 bytes)
  1904 RODATA   16 pages    92770000 - 92780000 (65536 bytes)
  1920 RODATA   16 pages    92780000 - 92790000 (65536 bytes)
  1936 RODATA   16 pages    92790000 - 927A0000 (65536 bytes)
  1952 RODATA   16 pages    927A0000 - 927B0000 (65536 bytes)
  1968 RODATA   16 pages    927B0000 - 927C0000 (65536 bytes)
  1984 RODATA   16 pages    927C0000 - 927D0000 (65536 bytes)
  2000 RODATA   16 pages    927D0000 - 927E0000 (65536 bytes)
  2016 RODATA   16 pages    927E0000 - 927F0000 (65536 bytes)
  2032 RODATA    5 pages    927F0000 - 927F5000 (20480 bytes)
Imports:
 xam - 182 imports
   Version: 0.0.1888.32
   Min Version: 0.0.1888.32

         Total:  182
         Known:  100% (182 known, 0 unknown)
   Implemented:   57% (104 implemented, 78 unimplemented)

   F 92000400 92453F8C 1A8 ( 424)    XamLoaderGetLaunchData
   F 92000404 92453F9C 3D1 ( 977)    XGetVideoMode
   F 92000408 92453FAC 20A ( 522)    XamUserGetXUID
   F 9200040C 92453FBC 190 ( 400)    XamInputGetCapabilities
   F 92000410 92453FCC 210 ( 528)    XamUserGetSigninState
   F 92000414 92453FDC 28B ( 651)    XNotifyGetNext
   F 92000418 92453FEC 1AA ( 426) !! XamLoaderGetDvdTrayState
   F 9200041C 92453FFC 20B ( 523)    XamUserLogon
   F 92000420 9245400C 250 ( 592)    XamEnumerate
   F 92000424 9245401C 191 ( 401)    XamInputGetState
   F 92000428 9245402C 198 ( 408)    XamInputGetKeystrokeEx
   F 9200042C 9245403C 28A ( 650)    XamNotifyCreateListener
   F 92000430 9245404C 2BC ( 700)    XamShowSigninUI
   F 92000434 9245405C 2BE ( 702)    XamShowSigninUIp
   F 92000438 9245406C 2BF ( 703) !! XamShowFriendsUI
   F 9200043C 9245407C 2C0 ( 704) !! XamShowMessagesUI
   F 92000440 9245408C 2C1 ( 705)    XamShowKeyboardUI
   F 92000444 9245409C 2C5 ( 709) !! XamShowAchievementsUI
   F 92000448 924540AC 2C7 ( 711)    XamShowMarketplaceUI
   F 9200044C 924540BC 2CB ( 715)    XamShowDeviceSelectorUI
   F 92000450 924540CC 2CA ( 714)    XamShowMessageBoxUI
   F 92000454 924540DC 258 ( 600)    XamContentCreate
   F 92000458 924540EC 25B ( 603)    XamContentDelete
   F 9200045C 924540FC 25A ( 602)    XamContentClose
   F 92000460 9245410C 25C ( 604)    XamContentCreateEnumerator
   F 92000464 9245411C 25D ( 605)    XamContentCreateDeviceEnumerator
   F 92000468 9245412C 265 ( 613)    XamContentGetDeviceState
   F 9200046C 9245413C 25E ( 606)    XamContentGetDeviceData
   F 92000470 9245414C 1F7 ( 503)    XMsgStartIORequest
   F 92000474 9245415C 2DC ( 732)    XamShowMessageBoxUIEx
   F 92000478 9245416C 3CD ( 973)    XGetLanguage
   F 9200047C 9245417C 1A9 ( 425)    XamLoaderTerminateTitle
   F 92000480 9245542C 0D8 ( 216) !! NetDll_XHttpDoWork
   F 92000484 9245541C 0D7 ( 215) !! NetDll_XHttpSetOption
   F 92000488 9245540C 0D5 ( 213) !! NetDll_XHttpWriteData
   F 9200048C 924553FC 0D4 ( 212) !! NetDll_XHttpReadData
   F 92000490 924553EC 0D3 ( 211) !! NetDll_XHttpQueryHeaders
   F 92000494 924553DC 0D2 ( 210) !! NetDll_XHttpReceiveResponse
   F 92000498 924553CC 0D1 ( 209) !! NetDll_XHttpSendRequest
   F 9200049C 924553BC 0D0 ( 208) !! NetDll_XHttpOpenRequestUsingMemory
   F 920004A0 924553AC 0CE ( 206) !! NetDll_XHttpSetStatusCallback
   F 920004A4 9245539C 0CD ( 205) !! NetDll_XHttpConnect
   F 920004A8 9245538C 0CC ( 204) !! NetDll_XHttpCloseHandle
   F 920004AC 9245537C 0CB ( 203) !! NetDll_XHttpOpen
   F 920004B0 9245536C 0CA ( 202) !! NetDll_XHttpShutdown
   F 920004B4 9245535C 0C9 ( 201) !! NetDll_XHttpStartup
   F 920004B8 9245534C 136 ( 310) !! XNetLogonGetTitleID
   F 920004BC 9245533C 135 ( 309) !! XNetLogonGetMachineID
   F 920004C0 9245532C 2D8 ( 728) !! XamShowPasscodeVerifyUI
   F 920004C4 9245531C 1C7 ( 455) !! XamSetPowerMode
   F 920004C8 9245530C 2D1 ( 721) !! XamShowLiveSignupUI
   F 920004CC 92454C4C 108 ( 264) !! NetDll_UpnpCloseHandle
   F 920004D0 92454C3C 107 ( 263) !! NetDll_UpnpDoWork
   F 920004D4 92454C2C 100 ( 256) !! NetDll_UpnpDescribeGetResults
   F 920004D8 92454C1C 0FF ( 255) !! NetDll_UpnpDescribeCreate
   F 920004DC 92454C0C 0FE ( 254) !! NetDll_UpnpSearchGetDevices
   F 920004E0 92454BFC 0FD ( 253) !! NetDll_UpnpSearchCreate
   F 920004E4 92454BEC 0FC ( 252) !! NetDll_UpnpCleanup
   F 920004E8 92454BDC 0FB ( 251) !! NetDll_UpnpStartup
   F 920004EC 92454BCC 04F (  79) !! NetDll_XNetSetOpt
   F 920004F0 92454BBC 04E (  78)    NetDll_XNetGetOpt
   F 920004F4 92454BAC 04B (  75)    NetDll_XNetGetEthernetLinkStatus
   F 920004F8 92454B9C 049 (  73)    NetDll_XNetGetTitleXnAddr
   F 920004FC 92454B8C 044 (  68)    NetDll_XNetDnsRelease
   F 92000500 92454B7C 043 (  67)    NetDll_XNetDnsLookup
   F 92000504 9245442C 31C ( 796)    XamBuildLegacySystemResourceLocator
   F 92000508 9245443C 238 ( 568)    XamProfileClose
   F 9200050C 9245444C 237 ( 567)    XamProfileOpen
   F 92000510 9245445C 246 ( 582) !! XamAppUnloadStack
   F 92000514 9245446C 2EB ( 747) !! XamIsSysUiInvokedByTitle
   F 92000518 9245447C 291 ( 657)    XamNotifyCreateListenerInternal
   F 9200051C 9245448C 1CC ( 460)    XamSetDashContext
   F 92000520 9245449C 271 ( 625)    XamContentCreateInternal
   F 92000524 924544AC 279 ( 633)    XamContentAggregateCreateEnumerator
   F 92000528 924544BC 24E ( 590)    XamCreateEnumeratorHandle
   F 9200052C 924544CC 1FC ( 508)    XMsgStartIORequestEx
   F 92000530 924544DC 1F6 ( 502)    XMsgSystemProcessCall
   F 92000534 924544EC 1F4 ( 500)    XMsgInProcessCall
   F 92000538 924544FC 24F ( 591)    XamGetPrivateEnumStructureFromHandle
   F 9200053C 9245450C 1EC ( 492)    XamFree
   F 92000540 9245451C 1EA ( 490)    XamAlloc
   F 92000544 9245452C 231 ( 561)    XamProfileCreateEnumerator
   F 92000548 9245453C 1F8 ( 504)    XMsgCancelIORequest
   F 9200054C 9245454C 232 ( 562)    XamProfileEnumerate
   F 92000550 9245455C 1A5 ( 421)    XamLoaderLaunchTitleEx
   F 92000554 9245456C 2EF ( 751)    XamReadTile
   F 92000558 9245457C 1A6 ( 422)    XamLoaderSetLaunchData
   F 9200055C 9245458C 221 ( 545)    XamUserIsOnlineEnabled
   F 92000560 9245459C 2CF ( 719)    XamShowCreateProfileUI
   F 92000564 924545AC 3CB ( 971)    XGetAVPack
   F 92000568 924545BC 1E7 ( 487)    XamFormatTimeString
   F 9200056C 924545CC 1E8 ( 488)    XamFormatDateString
   F 92000570 924545DC 3CC ( 972)    XGetGameRegion
   F 92000574 924545EC 21C ( 540) !! XamUserGetUserFlags
   F 92000578 924545FC 2BD ( 701) !! XamShowSigninUIEx
   F 9200057C 9245460C 1A2 ( 418) !! XamSetInactivityTimeFromConfig
   F 92000580 9245461C 3CA ( 970)    XGetAudioFlags
   F 92000584 9245462C 28E ( 654) !! XNotifyBroadcast
   F 92000588 9245463C 1A0 ( 416)    XamEnableInactivityProcessing
   F 9200058C 9245464C 1A1 ( 417)    XamResetInactivity
   F 92000590 9245465C 26E ( 622) !! XamContentGetMetaDataInternal
   F 92000594 9245466C 218 ( 536) !! XamUserGetOnlineCountryFromXUID
   F 92000598 9245467C 217 ( 535) !! XamUserGetMembershipTierFromXUID
   F 9200059C 9245468C 239 ( 569) !! XamProfileSaveAccountInfo
   F 920005A0 9245469C 235 ( 565)    XamProfileFindAccount
   F 920005A4 924546AC 13C ( 316) !! XNetLogonClearTicketCaches
   F 920005A8 924546BC 219 ( 537)    XamUserReadProfileSettings
   F 920005AC 924546CC 21A ( 538)    XamUserWriteProfileSettings
   F 920005B0 924546DC 212 ( 530)    XamUserCheckPrivilege
   F 920005B4 924546EC 2D7 ( 727) !! XamShowLiveUpsellUI
   F 920005B8 924546FC 1FB ( 507)    XamGetOverlappedResult
   F 920005BC 9245470C 273 ( 627)    XamContentLaunchImageInternal
   F 920005C0 9245471C 2F3 ( 755)    XamUserCreateTitlesPlayedEnumerator
   F 920005C4 9245472C 2EE ( 750)    XamUserCreateAchievementEnumerator
   F 920005C8 9245473C 270 ( 624)    XamContentDeleteInternal
   F 920005CC 9245474C 2D0 ( 720) !! XamShowGamesUI
   F 920005D0 9245475C 220 ( 544) !! XamUserFlushLogonQueue
   F 920005D4 9245476C 13B ( 315) !! XNetLogonGetExtendedStatus
   F 920005D8 9245477C 139 ( 313) !! XNetLogonGetDnsString
   F 920005DC 9245478C 1C6 ( 454) !! XamGetWCNConfigFile
   F 920005E0 9245479C 1E6 ( 486) !! XamUniSortCmpString
   F 920005E4 924547AC 23A ( 570) !! XamProfileLoadAccountInfo
   F 920005E8 924547BC 1E5 ( 485) !! XamFormatMessage
   F 920005EC 924547CC 277 ( 631) !! XamContentGetAttributesInternal
   F 920005F0 924547DC 26F ( 623) !! XamContentCreateEnumeratorInternal
   F 920005F4 924547EC 1C5 ( 453)    XamGetDefaultSystemImage
   F 920005F8 924547FC 211 ( 529)    XamUserGetIndexFromXUID
   F 920005FC 9245480C 26C ( 620) !! XamContentCopyInternal
   F 92000600 9245481C 26D ( 621) !! XamContentMoveInternal
   F 92000604 9245482C 233 ( 563) !! XamProfileDelete
   F 92000608 9245483C 2B4 ( 692) !! XamCacheOpenFile
   F 9200060C 9245484C 2B5 ( 693) !! XamCacheCloseFile
   F 92000610 9245485C 234 ( 564) !! XamProfileGetCreationStatus
   F 92000614 9245486C 230 ( 560) !! XamProfileCreate
   F 92000618 9245487C 2B9 ( 697) !! XamGetCachedGamerTagW
   F 9200061C 9245488C 2B6 ( 694) !! XamGetCachedTitleName
   F 92000620 9245489C 2F0 ( 752)    XamWriteGamerTile
   F 92000624 924548AC 2EC ( 748)    XamIsUIActive
   F 92000628 924548BC 1F5 ( 501)    XMsgCompleteIORequest
   F 9200062C 924548CC 30A ( 778)    XamParseGamerTileKey
   F 92000630 924548DC 31D ( 797)    XamBuildGamercardResourceLocator
   F 92000634 924548EC 21B ( 539)    XamUserGetMembershipTier
   F 92000638 924548FC 20C ( 524)    XamUserGetGamerTag
   F 9200063C 9245490C 282 ( 642)    XamGetSystemVersion
   F 92000640 9245491C 2C4 ( 708) !! XamShowGamerCardUI
   F 92000644 9245492C 3D0 ( 976) !! XGetVideoStandard
   F 92000648 9245493C 001 (   1)    NetDll_WSAStartup
   F 9200064C 9245494C 002 (   2)    NetDll_WSACleanup
   F 92000650 9245495C 003 (   3)    NetDll_socket
   F 92000654 9245496C 004 (   4)    NetDll_closesocket
   F 92000658 9245497C 005 (   5)    NetDll_shutdown
   F 9200065C 9245498C 006 (   6)    NetDll_ioctlsocket
   F 92000660 9245499C 007 (   7)    NetDll_setsockopt
   F 92000664 924549AC 009 (   9)    NetDll_getsockname
   F 92000668 924549BC 00A (  10) !! NetDll_getpeername
   F 9200066C 924549CC 00B (  11)    NetDll_bind
   F 92000670 924549DC 00D (  13)    NetDll_listen
   F 92000674 924549EC 00E (  14)    NetDll_accept
   F 92000678 924549FC 00F (  15)    NetDll_select
   F 9200067C 92454A0C 010 (  16) !! NetDll_WSAGetOverlappedResult
   F 92000680 92454A1C 011 (  17) !! NetDll_WSACancelOverlappedIO
   F 92000684 92454A2C 012 (  18)    NetDll_recv
   F 92000688 92454A3C 013 (  19) !! NetDll_WSARecv
   F 9200068C 92454A4C 016 (  22)    NetDll_send
   F 92000690 92454A5C 017 (  23) !! NetDll_WSASend
   F 92000694 92454A6C 018 (  24)    NetDll_sendto
   F 92000698 92454A7C 019 (  25)    NetDll_WSASendTo
   F 9200069C 92454A8C 01A (  26)    NetDll_inet_addr
   F 920006A0 92454A9C 01B (  27)    NetDll_WSAGetLastError
   F 920006A4 92454AAC 065 ( 101) !! NetDll_XnpLoadConfigParams
   F 920006A8 92454ABC 066 ( 102) !! NetDll_XnpSaveConfigParams
   F 920006AC 92454ACC 068 ( 104) !! NetDll_XnpConfig
   F 920006B0 92454ADC 069 ( 105) !! NetDll_XnpGetConfigStatus
   F 920006B4 92454AEC 06D ( 109) !! NetDll_XnpEthernetInterceptSetCallbacks
   F 920006B8 92454AFC 06E ( 110) !! NetDll_XnpEthernetInterceptXmit
   F 920006BC 92454B0C 070 ( 112) !! NetDll_XnpLogonGetStatus
   F 920006C0 92454B1C 07B ( 123) !! NetDll_XnpNoteSystemTime
   F 920006C4 92454B2C 033 (  51)    NetDll_XNetStartup
   F 920006C8 92454B3C 034 (  52)    NetDll_XNetCleanup
   F 920006CC 92454B4C 035 (  53)    NetDll_XNetRandom
   F 920006D0 92454B5C 03C (  60)    NetDll_XNetInAddrToXnAddr
   F 920006D4 92454B6C 03E (  62)    NetDll_XNetInAddrToString

 xboxkrnl - 192 imports
   Version: 0.0.1888.32
   Min Version: 0.0.1888.32

         Total:  192
         Known:  100% (192 known, 0 unknown)
   Implemented:   88% (170 implemented, 22 unimplemented)

   F 920006DC 9245441C 147 ( 327) !! RtlUnwind
   F 920006E0 9245440C 119 ( 281) !! RtlCaptureContext
   F 920006E4 924543FC 154 ( 340)    KeTlsGetValue
   F 920006E8 924543EC 155 ( 341)    KeTlsSetValue
   F 920006EC 924543DC 153 ( 339)    KeTlsFree
   F 920006F0 924543CC 152 ( 338)    KeTlsAlloc
   F 920006F4 924543BC 052 (  82)    KeBugCheck
   F 920006F8 924543AC 136 ( 310)    RtlRaiseException
   F 920006FC 9245439C 0EE ( 238)    NtQueryVirtualMemory
   F 92000700 9245438C 12E ( 302)    RtlInitializeCriticalSection
   F 92000704 9245437C 11B ( 283)    RtlCompareMemoryUlong
   F 92000708 9245436C 0DC ( 220)    NtFreeVirtualMemory
   F 9200070C 9245435C 126 ( 294)    RtlFillMemoryUlong
   F 92000710 9245434C 0CC ( 204)    NtAllocateVirtualMemory
   F 92000714 9245433C 0F7 ( 247)    NtSetInformationFile
   V 92000718          193 ( 403)    XexExecutableModuleHandle
   F 9200071C 9245432C 12B ( 299)    RtlImageXexHeaderField
   F 92000720 9245431C 0DF ( 223)    NtOpenFile
   F 92000724 9245430C 125 ( 293)    RtlEnterCriticalSection
   F 92000728 924542FC 130 ( 304)    RtlLeaveCriticalSection
   V 9200072C          1AE ( 430)    ExLoadedCommandLine
   V 92000730          059 (  89)    KeDebugMonitorData
   F 92000734 924542EC 097 ( 151)    KeSetAffinityThread
   F 92000738 924542DC 0FC ( 252)    NtSuspendThread
   V 9200073C          01B (  27)    ExThreadObjectType
   F 92000740 924542CC 110 ( 272)    ObReferenceObjectByHandle
   F 92000744 924542BC 099 ( 153)    KeSetBasePriorityThread
   V 92000748          266 ( 614)    KeCertMonitorData
   F 9200074C 92454C5C 1BC ( 444)    VdGetGraphicsAsicID
   V 92000750          1BF ( 447)    VdGlobalXamDevice
   V 92000754          1BE ( 446)    VdGlobalDevice
   F 92000758 92454C6C 066 ( 102)    KeGetCurrentProcessType
   F 9200075C 92454C7C 0BD ( 189)    MmFreePhysicalMemory
   F 92000760 92454C8C 1C7 ( 455)    VdPersistDisplay
   F 92000764 92454C9C 25B ( 603)    VdSwap
   F 92000768 92454CAC 1BD ( 445)    VdGetSystemCommandBuffer
   F 9200076C 92454CBC 089 ( 137)    KeReleaseSpinLockFromRaisedIrql
   F 92000770 92454CCC 04D (  77)    KeAcquireSpinLockAtRaisedIrql
   F 92000774 92454CDC 0B4 ( 180)    KfReleaseSpinLock
   F 92000778 92454CEC 0B1 ( 177)    KfAcquireSpinLock
   F 9200077C 92454CFC 1DF ( 479)    KiApcNormalRoutineNop
   F 92000780 92454D0C 1B6 ( 438)    VdEnableRingBufferRPtrWriteBack
   F 92000784 92454D1C 1C3 ( 451)    VdInitializeRingBuffer
   F 92000788 92454D2C 0BE ( 190)    MmGetPhysicalAddress
   F 9200078C 92454D3C 1D9 ( 473)    VdSetSystemCommandBufferGpuIdentifierAddress
   F 92000790 92454D4C 1D5 ( 469)    VdSetGraphicsInterruptCallback
   F 92000794 92454D5C 1C2 ( 450)    VdInitializeEngines
   F 92000798 92454D6C 1CA ( 458)    VdQueryVideoMode
   F 9200079C 92454D7C 1BA ( 442)    VdGetCurrentDisplayInformation
   F 920007A0 92454D8C 1D3 ( 467)    VdSetDisplayMode
   F 920007A4 92454D9C 1C6 ( 454)    VdIsHSIOTrainingSucceeded
   F 920007A8 92454DAC 268 ( 616) !! VdInitializeEDRAM
   F 920007AC 92454DBC 1DC ( 476)    VdShutdownEngines
   F 920007B0 92454DCC 1B9 ( 441)    VdGetCurrentDisplayGamma
   F 920007B4 92454DDC 13B ( 315)    sprintf
   F 920007B8 92454DEC 07D ( 125)    KeLeaveCriticalRegion
   F 920007BC 92454DFC 269 ( 617)    VdRetrainEDRAM
   F 920007C0 92454E0C 26A ( 618)    VdRetrainEDRAMWorker
   V 920007C4          1C1 ( 449)    VdHSIOCalibrationLock
   F 920007C8 92454E1C 05F (  95)    KeEnterCriticalRegion
   F 920007CC 92454E2C 1C9 ( 457)    VdQueryVideoFlags
   F 920007D0 92454E3C 1B1 ( 433)    VdCallGraphicsNotificationRoutines
   V 920007D4          1C0 ( 448)    VdGpuClockInMHz
   F 920007D8 92454E4C 1C5 ( 453)    VdInitializeScalerCommandBuffer
   F 920007DC 92454E5C 1B4 ( 436)    VdEnableDisableClockGating
   F 920007E0 92454E6C 06B ( 107)    KeLockL2
   F 920007E4 92454E7C 06C ( 108)    KeUnlockL2
   F 920007E8 92454E8C 0B0 ( 176)    KeWaitForSingleObject
   F 920007EC 92454E9C 08F ( 143)    KeResetEvent
   F 920007F0 92454EAC 09D ( 157)    KeSetEvent
   F 920007F4 92454EBC 0A3 ( 163) !! KeSetPriorityThread
   F 920007F8 92454ECC 00D (  13)    ExCreateThread
   F 920007FC 92454EDC 14D ( 333)    _vsnprintf
   F 92000800 92454EEC 151 ( 337)    vswprintf
   F 92000804 92454EFC 14F ( 335)    _vscwprintf
   F 92000808 92454F0C 196 ( 406)    XexGetModuleSection
   F 9200080C 92454F1C 166 ( 358) !! XeCryptBnQwBeSigVerify
   F 92000810 92454F2C 244 ( 580) !! XeKeysGetKey
   F 92000814 92454F3C 18E ( 398) !! XeCryptRotSumSha
   F 92000818 92454F4C 192 ( 402)    XeCryptSha
   F 9200081C 92454F5C 103 ( 259)    ObCreateSymbolicLink
   F 92000820 92454F6C 104 ( 260)    ObDeleteSymbolicLink
   F 92000824 92454F7C 024 (  36)    HalOpenCloseODDTray
   F 92000828 92454F8C 133 ( 307)    RtlMultiByteToUnicodeN
   V 9200082C          00C (  12)    ExConsoleGameRegion
   F 92000830 92454F9C 1D4 ( 468)    VdSetDisplayModeOverride
   V 92000834          156 ( 342)    XboxHardwareInfo
   F 92000838 92454FAC 029 (  41)    HalSendSMCMessage
   F 9200083C 92454FBC 246 ( 582) !! XeKeysGetConsoleID
   F 92000840 92454FCC 200 ( 512) !! XAudioSetSpeakerConfig
   F 92000844 92454FDC 187 ( 391)    XeCryptMd5
   F 92000848 92454FEC 13A ( 314)    _snprintf
   F 9200084C 92454FFC 143 ( 323)    RtlUnicodeToMultiByteN
   F 92000850 9245500C 12D ( 301)    RtlInitUnicodeString
   F 92000854 9245501C 0D9 ( 217)    NtDeviceIoControlFile
   F 92000858 9245502C 141 ( 321)    RtlTryEnterCriticalSection
   F 9200085C 9245503C 1A4 ( 420) !! XexVerifyImageHeaders
   F 92000860 9245504C 1DB ( 475) !! VdSetWSSOption
   F 92000864 9245505C 1CF ( 463) !! VdSendClosedCaptionData
   F 92000868 9245506C 1B8 ( 440) !! VdGetClosedCaptionReadyStatus
   F 9200086C 9245507C 1B3 ( 435) !! VdEnableClosedCaption
   F 92000870 9245508C 170 ( 368)    XeCryptBnQw_SwapDwQwLeBe
   F 92000874 9245509C 14E ( 334)    vsprintf
   F 92000878 924550AC 18A ( 394)    XeCryptRandom
   F 9200087C 924550BC 1D0 ( 464) !! VdSetCGMSOption
   F 92000880 924550CC 1D7 ( 471) !! VdSetMacrovisionOption
   F 92000884 924550DC 1FB ( 507) !! XAudioEndDigitalBypassMode
   F 92000888 924550EC 1FC ( 508) !! XAudioSubmitDigitalPacket
   F 9200088C 924550FC 1FA ( 506) !! XAudioBeginDigitalBypassMode
   F 92000890 9245510C 191 ( 401)    XeCryptShaFinal
   F 92000894 9245511C 190 ( 400)    XeCryptShaUpdate
   F 92000898 9245512C 18F ( 399)    XeCryptShaInit
   F 9200089C 9245513C 16D ( 365)    XeCryptBnQwNeRsaPubCrypt
   F 920008A0 9245514C 183 ( 387) !! XeCryptHmacShaVerify
   F 920008A4 9245515C 019 (  25)    ExTerminateThread
   F 920008A8 9245516C 0F5 ( 245)    NtResumeThread
   F 920008AC 9245517C 084 ( 132)    KeQuerySystemTime
   V 920008B0          0AD ( 173)    KeTimeStampBundle
   F 920008B4 9245518C 0E7 ( 231)    NtQueryFullAttributesFile
   F 920008B8 9245519C 0E8 ( 232)    NtQueryInformationFile
   F 920008BC 924551AC 0CE ( 206)    NtClearEvent
   F 920008C0 924551BC 140 ( 320)    RtlTimeToTimeFields
   F 920008C4 924551CC 0F9 ( 249) !! NtSetSystemTime
   F 920008C8 924551DC 13F ( 319)    RtlTimeFieldsToTime
   F 920008CC 924551EC 0F6 ( 246)    NtSetEvent
   F 920008D0 924551FC 0DA ( 218)    NtDuplicateObject
   F 920008D4 9245520C 0D5 ( 213)    NtCreateSemaphore
   F 920008D8 9245521C 0F3 ( 243)    NtReleaseSemaphore
   F 920008DC 9245522C 0FE ( 254)    NtWaitForMultipleObjectsEx
   F 920008E0 9245523C 0FF ( 255)    NtWriteFile
   F 920008E4 9245524C 0DB ( 219)    NtFlushBuffersFile
   F 920008E8 9245525C 0BA ( 186)    MmAllocatePhysicalMemoryEx
   F 920008EC 9245526C 0C5 ( 197)    MmQueryAllocationSize
   F 920008F0 9245527C 0C4 ( 196)    MmQueryAddressProtect
   F 920008F4 9245528C 0CD ( 205)    NtCancelTimer
   F 920008F8 9245529C 0FA ( 250)    NtSetTimerEx
   F 920008FC 924552AC 0D7 ( 215)    NtCreateTimer
   F 92000900 924552BC 0F2 ( 242)    NtReleaseMutant
   F 92000904 924552CC 0D4 ( 212)    NtCreateMutant
   F 92000908 924552DC 0C6 ( 198)    MmQueryStatistics
   F 9200090C 924552EC 0E4 ( 228)    NtQueryDirectoryFile
   F 92000910 924552FC 05A (  90)    KeDelayExecutionThread
   F 92000914 924542AC 105 ( 261)    ObDereferenceObject
   F 92000918 9245429C 135 ( 309)    RtlNtStatusToDosError
   F 9200091C 9245428C 1A5 ( 421) !! __C_specific_handler
   F 92000920 9245427C 003 (   3)    DbgPrint
   F 92000924 9245426C 194 ( 404)    XexCheckExecutablePrivilege
   F 92000928 9245425C 0D1 ( 209)    NtCreateEvent
   F 9200092C 9245424C 195 ( 405)    XexGetModuleHandle
   F 92000930 9245423C 12C ( 300)    RtlInitAnsiString
   F 92000934 9245422C 0D2 ( 210)    NtCreateFile
   F 92000938 9245421C 0F0 ( 240)    NtReadFile
   F 9200093C 9245420C 0FD ( 253)    NtWaitForSingleObjectEx
   F 92000940 924541FC 0CF ( 207)    NtClose
   F 92000944 924541EC 083 ( 131)    KeQueryPerformanceFrequency
   F 92000948 924541DC 018 (  24)    ExSetXConfigSetting
   F 9200094C 924541CC 13E ( 318)    swprintf
   F 92000950 924541BC 028 (  40)    HalReturnToFirmware
   F 92000954 924541AC 010 (  16)    ExGetXConfigSetting
   F 92000958 9245419C 13D ( 317)    _snwprintf
   F 9200095C 9245418C 022 (  34)    HalGetCurrentAVPack
   F 92000960 9245543C 085 ( 133)    KeRaiseIrqlToDpcLevel
   F 92000964 9245544C 0B3 ( 179)    KfLowerIrql
   F 92000968 9245545C 0AF ( 175)    KeWaitForMultipleObjects
   F 9200096C 9245546C 1F8 ( 504)    XAudioGetVoiceCategoryVolume
   F 92000970 9245547C 1F7 ( 503)    XAudioGetVoiceCategoryVolumeChangeMask
   F 92000974 9245548C 1F3 ( 499)    XAudioRegisterRenderDriverClient
   F 92000978 9245549C 1F4 ( 500)    XAudioUnregisterRenderDriverClient
   F 9200097C 924554AC 1F5 ( 501)    XAudioSubmitRenderDriverFrame
   F 92000980 924554BC 227 ( 551)    XMAEnableContext
   F 92000984 924554CC 231 ( 561)    XMAIsInputBuffer1Valid
   F 92000988 924554DC 22F ( 559)    XMAIsInputBuffer0Valid
   F 9200098C 924554EC 22C ( 556)    XMASetOutputBufferValid
   F 92000990 924554FC 229 ( 553)    XMAGetOutputBufferWriteOffset
   F 92000994 9245550C 22A ( 554)    XMASetOutputBufferReadOffset
   F 92000998 9245551C 228 ( 552)    XMADisableContext
   F 9200099C 9245552C 22B ( 555)    XMAGetOutputBufferReadOffset
   F 920009A0 9245553C 237 ( 567)    XMASetInputBufferReadOffset
   F 920009A4 9245554C 235 ( 565)    XMABlockWhileInUse
   F 920009A8 9245555C 224 ( 548)    XMACreateContext
   F 920009AC 9245556C 226 ( 550)    XMAReleaseContext
   F 920009B0 9245557C 230 ( 560)    XMASetInputBuffer1Valid
   F 920009B4 9245558C 233 ( 563)    XMASetInputBuffer1
   F 920009B8 9245559C 236 ( 566)    XMASetLoopData
   F 920009BC 924555AC 22E ( 558)    XMASetInputBuffer0Valid
   F 920009C0 924555BC 232 ( 562)    XMASetInputBuffer0
   F 920009C4 924555CC 225 ( 549)    XMAInitializeContext
   F 920009C8 924555DC 22D ( 557)    XMAIsOutputBufferValid
   F 920009CC 924555EC 17A ( 378)    XeCryptDes3Cbc
   F 920009D0 924555FC 178 ( 376)    XeCryptDes3Key
   F 920009D4 9245560C 127 ( 295)    RtlFreeAnsiString
   F 920009D8 9245561C 142 ( 322)    RtlUnicodeStringToAnsiString

w> 0000E7D4 GameDatabase: Title doesn't contain XLAST data! Multiplayer functionality might be limited.
i> 0000E7D4 Title name: Xbox Dashboard
i> 0000E7D4 -------------------- ACHIEVEMENTS --------------------
+----+-------+-------------+------------+
| ID | Title | Description | Gamerscore |
+----+-------+-------------+------------+
i> 0000E7D4 -------------------- PROPERTIES --------------------
+----------+------+-----------+
| ID       | Name | Data Size |
+----------+------+-----------+
| 1000800A |      | 4         |
+----------+------+-----------+
| 1000800B |      | 4         |
+----------+------+-----------+
i> 0000E7D4 -------------------- CONTEXTS --------------------
+----------+-----------+---------------+-----------+
| ID       | Name      | Default Value | Max Value |
+----------+-----------+---------------+-----------+
| 00008001 |           | 0             | 0         |
+----------+-----------+---------------+-----------+
| 0000800A | Game Type | 0             | 1         |
+----------+-----------+---------------+-----------+
| 0000800B |           | 0             | 0         |
+----------+-----------+---------------+-----------+
i> 0000E7D4 Added handle:01000020 for class xe::kernel::XObject
i> 0000E7D4 XThread01000020 (5) Stack: 70110000-70130000
i> 0000E7D4 KernelState: Launching module...
i> 0000E7D4 Added handle:F8000008 for class xe::kernel::XObject
i> 0000E7D4 XThreadF8000008 (6) Stack: 70150000-70160000
K> 01000020 XThread::Execute thid 5 (handle=01000020, 'Kernel Dispatch (01000020)', native=0000CAD0, <host>)
K> F8000008 XThread::Execute thid 6 (handle=F8000008, 'Main XThread (F8000008)', native=000028E8)
i> F8000008 Added handle:F800000C for class xe::kernel::XObject
i> F8000008 XThreadF800000C (7) Stack: 70180000-70190000
!> F8000008 undefined extern call to 92454EBC KeSetPriorityThread
K> F800000C XThread::Execute thid 7 (handle=F800000C, 'XThreadE668 (F800000C)', native=0000E668)
i> F800000C Added handle:F8000010 for class xe::kernel::XObject
i> F8000008 Added handle:00000014 for class xe::kernel::XObject
i> F8000008 Removed handle:00000014 for class xe::kernel::XSocket
i> F8000008 Added handle:F8000014 for class xe::kernel::XObject
i> F8000008 Added handle:F8000018 for class xe::kernel::XObject
F> F8000008 HostPathDevice::ResolvePath()
i> F8000008 Added handle:F800001C for class xe::kernel::XObject
!> F8000008 undefined extern call to 92454F3C XeCryptRotSumSha
!> F8000008 undefined extern call to 92454F2C XeKeysGetKey
!> F8000008 undefined extern call to 92454F1C XeCryptBnQwBeSigVerify
F> F8000008 HostPathDevice::ResolvePath()
i> F8000008 Added handle:F8000020 for class xe::kernel::XObject
i> F8000008 Added handle:F8000024 for class xe::kernel::XObject
i> F8000008 Added handle:F8000028 for class xe::kernel::XObject
i> F8000008 Removed handle:F8000024 for class xe::kernel::XNotifyListener
i> F8000008 Removed handle:F8000028 for class xe::kernel::XStaticEnumerator<struct xe::kernel::xam::X_PROFILEENUMRESULT>
i> F8000008 Added handle:F8000024 for class xe::kernel::XObject
i> F8000008 Added handle:F8000028 for class xe::kernel::XObject
i> F8000008 Added handle:F800002C for class xe::kernel::XObject
i> F8000008 Hardware scaler: width ratio 1:1, height ratio 1:1, final aspect ratio 16:9
i> 01000010 Selecting MOVDIR64M vastcpy.
i> F8000008 Removed handle:F800002C for class xe::kernel::XStaticEnumerator<struct xe::kernel::xam::X_PROFILEENUMRESULT>
i> F8000008 Removed handle:F8000028 for class xe::kernel::XNotifyListener
i> F8000008 Added handle:F8000028 for class xe::kernel::XObject
i> F8000008 Added handle:F800002C for class xe::kernel::XObject
i> F8000008 Removed handle:F800002C for class xe::kernel::XStaticEnumerator<struct xe::kernel::xam::X_PROFILEENUMRESULT>
i> F8000008 Removed handle:F8000028 for class xe::kernel::XNotifyListener
i> F8000008 Added handle:F8000028 for class xe::kernel::XObject
i> F8000008 Added handle:F800002C for class xe::kernel::XObject
i> F8000008 Added handle:F8000030 for class xe::kernel::XObject
i> F8000008 Removed handle:F8000030 for class xe::kernel::XStaticEnumerator<struct xe::kernel::xam::X_PROFILEENUMRESULT>
i> F8000008 Removed handle:F800002C for class xe::kernel::XNotifyListener
i> F8000008 Added handle:F800002C for class xe::kernel::XObject
i> F8000008 Added handle:F8000030 for class xe::kernel::XObject
i> F8000008 Removed handle:F800002C for class xe::kernel::XNotifyListener
i> F8000008 Removed handle:F8000030 for class xe::kernel::XStaticEnumerator<struct xe::kernel::xam::X_PROFILEENUMRESULT>
i> F8000008 Added handle:F800002C for class xe::kernel::XObject
i> F8000008 Added handle:F8000030 for class xe::kernel::XObject
i> F8000008 Removed handle:F800002C for class xe::kernel::XNotifyListener
i> F8000008 Removed handle:F8000030 for class xe::kernel::XStaticEnumerator<struct xe::kernel::xam::X_PROFILEENUMRESULT>
i> F8000008 Added handle:F800002C for class xe::kernel::XObject
i> F8000008 Added handle:F8000030 for class xe::kernel::XObject
i> F8000008 Removed handle:F8000030 for class xe::kernel::XStaticEnumerator<struct xe::kernel::xam::X_PROFILEENUMRESULT>
i> F8000008 Removed handle:F8000020 for class xe::kernel::XFile
i> F8000008 Removed handle:F800002C for class xe::kernel::XNotifyListener
i> F8000008 Added handle:F8000020 for class xe::kernel::XObject
i> F8000008 Added handle:F800002C for class xe::kernel::XObject
i> F8000008 Removed handle:F800002C for class xe::kernel::XStaticEnumerator<struct xe::kernel::xam::X_PROFILEENUMRESULT>
i> F8000008 Removed handle:F8000020 for class xe::kernel::XNotifyListener
i> F8000008 Added handle:F8000020 for class xe::kernel::XObject
i> F8000008 Added handle:F800002C for class xe::kernel::XObject
i> F8000008 Removed handle:F800002C for class xe::kernel::XStaticEnumerator<struct xe::kernel::xam::X_PROFILEENUMRESULT>
i> F8000008 Removed handle:F8000020 for class xe::kernel::XNotifyListener
i> F8000008 Added handle:F8000020 for class xe::kernel::XObject
i> F8000008 Added handle:F800002C for class xe::kernel::XObject
i> F8000008 Removed handle:F8000020 for class xe::kernel::XNotifyListener
i> F8000008 Removed handle:F800002C for class xe::kernel::XStaticEnumerator<struct xe::kernel::xam::X_PROFILEENUMRESULT>
i> F8000008 Added handle:F8000020 for class xe::kernel::XObject
i> F8000008 Added handle:F800002C for class xe::kernel::XObject
i> F8000008 Removed handle:F8000020 for class xe::kernel::XNotifyListener
i> F8000008 Removed handle:F800002C for class xe::kernel::XStaticEnumerator<struct xe::kernel::xam::X_PROFILEENUMRESULT>
i> F8000008 Added handle:F8000020 for class xe::kernel::XObject
i> F8000008 Added handle:F800002C for class xe::kernel::XObject
i> F8000008 Removed handle:F800002C for class xe::kernel::XStaticEnumerator<struct xe::kernel::xam::X_PROFILEENUMRESULT>
