i> 00007F98 Build: canary_experimental@9132035a5 on Mar 15 2025
i> 00007F98 Storage root: c:\Users\AlexK\OneDrive\Documents\xeniamanager\xenia-manager\versions\canary\9132035
i> 00007F98 Content root: c:\Users\AlexK\OneDrive\Documents\xeniamanager\xenia-manager\versions\canary\9132035\content
i> 00007F98 Host cache root: c:\Users\AlexK\OneDrive\Documents\xeniamanager\xenia-manager\versions\canary\9132035\cache_host
i> 0000D6BC Setup: Initializing Memory...
i> 0000D6BC Setup: Initializing Exports...
i> 0000D6BC Setup: Initializing Processor...
i> 0000D6BC Setup: Initializing Audio...
i> 0000D6BC Setup: Initializing Graphics...
i> 0000D6BC Setup: Initializing HID...
i> 0000D6BC winkey: "0x08" binds key 0x8 to controller input GUIDE.
i> 0000D6BC winkey: "^A" binds key 0x41 to controller input DPAD_LEFT.
i> 0000D6BC winkey: "^D" binds key 0x44 to controller input DPAD_RIGHT.
i> 0000D6BC winkey: "^S" binds key 0x53 to controller input DPAD_DOWN.
i> 0000D6BC winkey: "^W" binds key 0x57 to controller input DPAD_UP.
i> 0000D6BC winkey: "_A" binds key 0x41 to controller input LEFT_THUMB_LEFT.
i> 0000D6BC winkey: "_D" binds key 0x44 to controller input LEFT_THUMB_RIGHT.
i> 0000D6BC winkey: "_S" binds key 0x53 to controller input LEFT_THUMB_DOWN.
i> 0000D6BC winkey: "_W" binds key 0x57 to controller input LEFT_THUMB_UP.
i> 0000D6BC winkey: "F" binds key 0x46 to controller input LEFT_THUMB_PRESSED.
i> 0000D6BC winkey: "0x26" binds key 0x26 to controller input RIGHT_THUMB_UP.
i> 0000D6BC winkey: "0x28" binds key 0x28 to controller input RIGHT_THUMB_DOWN.
i> 0000D6BC winkey: "0x27" binds key 0x27 to controller input RIGHT_THUMB_RIGHT.
i> 0000D6BC winkey: "0x25" binds key 0x25 to controller input RIGHT_THUMB_LEFT.
i> 0000D6BC winkey: "K" binds key 0x4B to controller input RIGHT_THUMB_PRESSED.
i> 0000D6BC winkey: "L" binds key 0x4C to controller input X.
i> 0000D6BC winkey: "0xDE" binds key 0xDE to controller input B.
i> 0000D6BC winkey: "0xBA" binds key 0xBA to controller input A.
i> 0000D6BC winkey: "P" binds key 0x50 to controller input Y.
i> 0000D6BC winkey: "Q" binds key 0x51 to controller input LEFT_TRIGGER.
i> 0000D6BC winkey: "I" binds key 0x49 to controller input LEFT_TRIGGER.
i> 0000D6BC winkey: "E" binds key 0x45 to controller input RIGHT_TRIGGER.
i> 0000D6BC winkey: "O" binds key 0x4F to controller input RIGHT_TRIGGER.
i> 0000D6BC winkey: "Z" binds key 0x5A to controller input BACK.
i> 0000D6BC winkey: "X" binds key 0x58 to controller input START.
i> 0000D6BC winkey: "1" binds key 0x31 to controller input LEFT_SHOULDER.
i> 0000D6BC winkey: "3" binds key 0x33 to controller input RIGHT_SHOULDER.
i> 00007F98 SDL Version 2.32.2 initialized.
w> 00007F98 SDL GameControllerDB: file 'gamecontrollerdb.txt' does not exist.
i> 0000D6BC Setup: Initializing VFS...
i> 0000D6BC PatchDB: Loaded patches for 0 titles
i> 0000D6BC Setup: Initializing Kernel...
!> 0000D6BC ProfileManager: Found 0 Profiles
i> 0000D6BC Added handle:F8000000 for class xe::kernel::XObject
i> 0000D6BC Added handle:01000004 for class xe::kernel::XObject
i> 0000D6BC Added handle:01000008 for class xe::kernel::XObject
i> 0000D6BC Added handle:0100000C for class xe::kernel::XObject
i> 0000D6BC Setup: Starting graphics_system...
i> 0000D6BC DXGI adapter: NVIDIA GeForce RTX 3060 Laptop GPU (vendor 0x10DE, device 0x2560)
i> 0000D6BC Direct3D 12 device and OS features:
* Max GPU virtual address bits per resource: 40
* Non-zeroed heap creation: yes
* Pixel-shader-specified stencil reference: no
* Programmable sample positions: tier 2
* Rasterizer-ordered views: yes
* Resource binding: tier 3
* Tiled resources: tier 3
* Unaligned block-compressed textures: yes
i> 0000D6BC Added handle:01000010 for class xe::kernel::XObject
i> 0000D6BC XThread01000010 (1) Stack: 70010000-70030000
i> 0000D6BC Added handle:01000014 for class xe::kernel::XObject
i> 0000D6BC XThread01000014 (2) Stack: 70050000-70070000
i> 0000D6BC Setup: Starting audio_system...
K> 01000010 XThread::Execute thid 1 (handle=01000010, 'GPU Commands (01000010)', native=0000C610, <host>)
K> 01000014 XThread::Execute thid 2 (handle=01000014, 'GPU Frame limiter (01000014)', native=0000B640, <host>)
i> 0000D6BC Added handle:01000018 for class xe::kernel::XObject
i> 0000D6BC XThread01000018 (3) Stack: 70090000-700B0000
i> 0000D6BC Added handle:0100001C for class xe::kernel::XObject
K> 01000018 XThread::Execute thid 3 (handle=01000018, 'XMA Decoder (01000018)', native=000086C8, <host>)
i> 0000D6BC XThread0100001C (4) Stack: 700D0000-700F0000
K> 0100001C XThread::Execute thid 4 (handle=0100001C, 'Audio Worker (0100001C)', native=000009A0, <host>)
