i> 00002DC0 Build: canary_new / e5ec29c6d52a88d1c460e68cbca9587cc45c5624 on May 24 2020
i> 00002DC0 Storage root: F:\Xenia Dash
i> 00002DC0 Loaded config: F:\Xenia Dash\xenia-canary.config.toml
i> 00002DC0 Content root: F:\Xenia Dash\content
w> 00001EF0 SDL GameControllerDB: file 'gamecontrollerdb.txt' does not exist.
i> 00002DC0 DXGI adapter: AMD Radeon(TM) Vega 8 Graphics (vendor 1002, device 15D8)
i> 00002DC0 Direct3D 12 device features:
i> 00002DC0 * Max GPU virtual address bits per resource: 44
i> 00002DC0 * Programmable sample positions: tier 2
i> 00002DC0 * Rasterizer-ordered views: yes
i> 00002DC0 * Tiled resources: tier 3
i> 00002DC0 Added handle:00000004 for class xe::kernel::XObject
i> 00002DC0 XThread00000004 (1) Stack: 40010000-40030000
i> 00002DC0 Added handle:00000008 for class xe::kernel::XObject
K> 00000004 XThread::Execute thid 1 (handle=00000004, 'GraphicsSystem Command Processor (00000004)', native=000048F0, <host>)
i> 00002DC0 XThread00000008 (2) Stack: 40050000-40070000
K> 00000008 XThread::Execute thid 2 (handle=00000008, 'GraphicsSystem Vsync (00000008)', native=00002F0C, <host>)
i> 00002DC0 Added handle:0000000C for class xe::kernel::XObject
i> 00002DC0 XThread0000000C (3) Stack: 40090000-400B0000
i> 00002DC0 Added handle:00000010 for class xe::kernel::XObject
i> 00002DC0 XThread00000010 (4) Stack: 400D0000-400F0000
i> 00002DC0 Added handle:00000014 for class xe::kernel::XObject
K> 0000000C XThread::Execute thid 3 (handle=0000000C, 'XMA Decoder Worker (0000000C)', native=00000B6C, <host>)
K> 00000010 XThread::Execute thid 4 (handle=00000010, 'Audio Worker (00000010)', native=00000A30, <host>)
i> 00002DC0 Added handle:00000018 for class xe::kernel::XObject
i> 00002DC0 Added handle:0000001C for class xe::kernel::XObject
i> 00002DC0 Launching module game:\dash.ExtraAVCodecs.xex
i> 00002DC0 Added handle:00000020 for class xe::kernel::XObject
F> 00002DC0 HostPathDevice::ResolvePath(\dash.ExtraAVCodecs.xex)
!> 00002DC0 ResolvePath(update:\dash.ExtraAVCodecs.xexp) failed - device not found
F> 00002DC0 HostPathDevice::ResolvePath(\dash.ExtraAVCodecs.xexp)
i> 00002DC0 Added handle:00000024 for class xe::kernel::XObject
i> 00002DC0 XThread00000024 (5) Stack: 40110000-40130000
K> 00000024 XThread::Execute thid 5 (handle=00000024, 'Kernel Dispatch Thread (00000024)', native=00001C70, <host>)
C> 00002DC0 WARNING: imported a variable with no value: ExThreadObjectType
!> 00002DC0 ResolvePath(dash.xex) failed - device not found
w> 00002DC0 WARNING: an import variable was not resolved! (library: dash.ExtraAVCodecs, import lib: dash.xex, ordinal: 2BD4)
w> 00002DC0 WARNING: an import variable was not resolved! (library: dash.ExtraAVCodecs, import lib: dash.xex, ordinal: 2BD4)
w> 00002DC0 WARNING: Imported kernel function __dash_2BD4 is unimplemented!
w> 00002DC0 WARNING: an import variable was not resolved! (library: dash.ExtraAVCodecs, import lib: dash.xex, ordinal: 2A20)
w> 00002DC0 WARNING: an import variable was not resolved! (library: dash.ExtraAVCodecs, import lib: dash.xex, ordinal: 2A20)
w> 00002DC0 WARNING: Imported kernel function __dash_2A20 is unimplemented!
w> 00002DC0 WARNING: an import variable was not resolved! (library: dash.ExtraAVCodecs, import lib: dash.xex, ordinal: 2A1F)
w> 00002DC0 WARNING: an import variable was not resolved! (library: dash.ExtraAVCodecs, import lib: dash.xex, ordinal: 2A1F)
w> 00002DC0 WARNING: Imported kernel function __dash_2A1F is unimplemented!
w> 00002DC0 WARNING: an import variable was not resolved! (library: dash.ExtraAVCodecs, import lib: dash.xex, ordinal: 2903)
w> 00002DC0 WARNING: an import variable was not resolved! (library: dash.ExtraAVCodecs, import lib: dash.xex, ordinal: 2903)
w> 00002DC0 WARNING: Imported kernel function __dash_2903 is unimplemented!
w> 00002DC0 WARNING: an import variable was not resolved! (library: dash.ExtraAVCodecs, import lib: dash.xex, ordinal: 2A39)
w> 00002DC0 WARNING: an import variable was not resolved! (library: dash.ExtraAVCodecs, import lib: dash.xex, ordinal: 2A39)
w> 00002DC0 WARNING: Imported kernel function __dash_2A39 is unimplemented!
w> 00002DC0 WARNING: an import variable was not resolved! (library: dash.ExtraAVCodecs, import lib: dash.xex, ordinal: 2A35)
w> 00002DC0 WARNING: an import variable was not resolved! (library: dash.ExtraAVCodecs, import lib: dash.xex, ordinal: 2A35)
w> 00002DC0 WARNING: Imported kernel function __dash_2A35 is unimplemented!
w> 00002DC0 WARNING: an import variable was not resolved! (library: dash.ExtraAVCodecs, import lib: dash.xex, ordinal: 2A29)
w> 00002DC0 WARNING: an import variable was not resolved! (library: dash.ExtraAVCodecs, import lib: dash.xex, ordinal: 2A29)
w> 00002DC0 WARNING: Imported kernel function __dash_2A29 is unimplemented!
w> 00002DC0 WARNING: an import variable was not resolved! (library: dash.ExtraAVCodecs, import lib: dash.xex, ordinal: 2A15)
w> 00002DC0 WARNING: an import variable was not resolved! (library: dash.ExtraAVCodecs, import lib: dash.xex, ordinal: 2A15)
w> 00002DC0 WARNING: Imported kernel function __dash_2A15 is unimplemented!
w> 00002DC0 WARNING: an import variable was not resolved! (library: dash.ExtraAVCodecs, import lib: dash.xex, ordinal: 2A32)
w> 00002DC0 WARNING: an import variable was not resolved! (library: dash.ExtraAVCodecs, import lib: dash.xex, ordinal: 2A32)
w> 00002DC0 WARNING: Imported kernel function __dash_2A32 is unimplemented!
w> 00002DC0 WARNING: an import variable was not resolved! (library: dash.ExtraAVCodecs, import lib: dash.xex, ordinal: 2A38)
w> 00002DC0 WARNING: an import variable was not resolved! (library: dash.ExtraAVCodecs, import lib: dash.xex, ordinal: 2A38)
w> 00002DC0 WARNING: Imported kernel function __dash_2A38 is unimplemented!
w> 00002DC0 WARNING: an import variable was not resolved! (library: dash.ExtraAVCodecs, import lib: dash.xex, ordinal: 2A37)
w> 00002DC0 WARNING: an import variable was not resolved! (library: dash.ExtraAVCodecs, import lib: dash.xex, ordinal: 2A37)
w> 00002DC0 WARNING: Imported kernel function __dash_2A37 is unimplemented!
w> 00002DC0 WARNING: an import variable was not resolved! (library: dash.ExtraAVCodecs, import lib: dash.xex, ordinal: 2A36)
w> 00002DC0 WARNING: an import variable was not resolved! (library: dash.ExtraAVCodecs, import lib: dash.xex, ordinal: 2A36)
w> 00002DC0 WARNING: Imported kernel function __dash_2A36 is unimplemented!
w> 00002DC0 WARNING: an import variable was not resolved! (library: dash.ExtraAVCodecs, import lib: dash.xex, ordinal: 2A30)
w> 00002DC0 WARNING: an import variable was not resolved! (library: dash.ExtraAVCodecs, import lib: dash.xex, ordinal: 2A30)
w> 00002DC0 WARNING: Imported kernel function __dash_2A30 is unimplemented!
w> 00002DC0 WARNING: an import variable was not resolved! (library: dash.ExtraAVCodecs, import lib: dash.xex, ordinal: 2A14)
w> 00002DC0 WARNING: an import variable was not resolved! (library: dash.ExtraAVCodecs, import lib: dash.xex, ordinal: 2A14)
w> 00002DC0 WARNING: Imported kernel function __dash_2A14 is unimplemented!
w> 00002DC0 WARNING: an import variable was not resolved! (library: dash.ExtraAVCodecs, import lib: dash.xex, ordinal: 2A2A)
w> 00002DC0 WARNING: an import variable was not resolved! (library: dash.ExtraAVCodecs, import lib: dash.xex, ordinal: 2A2A)
w> 00002DC0 WARNING: Imported kernel function __dash_2A2A is unimplemented!
w> 00002DC0 WARNING: an import variable was not resolved! (library: dash.ExtraAVCodecs, import lib: dash.xex, ordinal: 2A09)
w> 00002DC0 WARNING: an import variable was not resolved! (library: dash.ExtraAVCodecs, import lib: dash.xex, ordinal: 2A09)
w> 00002DC0 WARNING: Imported kernel function __dash_2A09 is unimplemented!
w> 00002DC0 WARNING: an import variable was not resolved! (library: dash.ExtraAVCodecs, import lib: dash.xex, ordinal: 2A08)
w> 00002DC0 WARNING: an import variable was not resolved! (library: dash.ExtraAVCodecs, import lib: dash.xex, ordinal: 2A08)
w> 00002DC0 WARNING: Imported kernel function __dash_2A08 is unimplemented!
w> 00002DC0 WARNING: an import variable was not resolved! (library: dash.ExtraAVCodecs, import lib: dash.xex, ordinal: 2A0C)
w> 00002DC0 WARNING: an import variable was not resolved! (library: dash.ExtraAVCodecs, import lib: dash.xex, ordinal: 2A0C)
w> 00002DC0 WARNING: Imported kernel function __dash_2A0C is unimplemented!
w> 00002DC0 WARNING: an import variable was not resolved! (library: dash.ExtraAVCodecs, import lib: dash.xex, ordinal: 2A0B)
w> 00002DC0 WARNING: an import variable was not resolved! (library: dash.ExtraAVCodecs, import lib: dash.xex, ordinal: 2A0B)
w> 00002DC0 WARNING: Imported kernel function __dash_2A0B is unimplemented!
w> 00002DC0 WARNING: an import variable was not resolved! (library: dash.ExtraAVCodecs, import lib: dash.xex, ordinal: 2A1B)
w> 00002DC0 WARNING: an import variable was not resolved! (library: dash.ExtraAVCodecs, import lib: dash.xex, ordinal: 2A1B)
w> 00002DC0 WARNING: Imported kernel function __dash_2A1B is unimplemented!
w> 00002DC0 WARNING: an import variable was not resolved! (library: dash.ExtraAVCodecs, import lib: dash.xex, ordinal: 2A0A)
w> 00002DC0 WARNING: an import variable was not resolved! (library: dash.ExtraAVCodecs, import lib: dash.xex, ordinal: 2A0A)
w> 00002DC0 WARNING: Imported kernel function __dash_2A0A is unimplemented!
w> 00002DC0 WARNING: an import variable was not resolved! (library: dash.ExtraAVCodecs, import lib: dash.xex, ordinal: 2A34)
w> 00002DC0 WARNING: an import variable was not resolved! (library: dash.ExtraAVCodecs, import lib: dash.xex, ordinal: 2A34)
w> 00002DC0 WARNING: Imported kernel function __dash_2A34 is unimplemented!
w> 00002DC0 WARNING: an import variable was not resolved! (library: dash.ExtraAVCodecs, import lib: dash.xex, ordinal: 2A33)
w> 00002DC0 WARNING: an import variable was not resolved! (library: dash.ExtraAVCodecs, import lib: dash.xex, ordinal: 2A33)
w> 00002DC0 WARNING: Imported kernel function __dash_2A33 is unimplemented!
w> 00002DC0 WARNING: an import variable was not resolved! (library: dash.ExtraAVCodecs, import lib: dash.xex, ordinal: 2A1E)
w> 00002DC0 WARNING: an import variable was not resolved! (library: dash.ExtraAVCodecs, import lib: dash.xex, ordinal: 2A1E)
w> 00002DC0 WARNING: Imported kernel function __dash_2A1E is unimplemented!
w> 00002DC0 WARNING: an import variable was not resolved! (library: dash.ExtraAVCodecs, import lib: dash.xex, ordinal: 2D21)
w> 00002DC0 WARNING: an import variable was not resolved! (library: dash.ExtraAVCodecs, import lib: dash.xex, ordinal: 2D21)
w> 00002DC0 WARNING: Imported kernel function __dash_2D21 is unimplemented!
w> 00002DC0 WARNING: an import variable was not resolved! (library: dash.ExtraAVCodecs, import lib: dash.xex, ordinal: 2A13)
w> 00002DC0 WARNING: an import variable was not resolved! (library: dash.ExtraAVCodecs, import lib: dash.xex, ordinal: 2A13)
w> 00002DC0 WARNING: Imported kernel function __dash_2A13 is unimplemented!
w> 00002DC0 WARNING: an import variable was not resolved! (library: dash.ExtraAVCodecs, import lib: dash.xex, ordinal: 2A1C)
w> 00002DC0 WARNING: an import variable was not resolved! (library: dash.ExtraAVCodecs, import lib: dash.xex, ordinal: 2A1C)
w> 00002DC0 WARNING: Imported kernel function __dash_2A1C is unimplemented!
w> 00002DC0 WARNING: an import variable was not resolved! (library: dash.ExtraAVCodecs, import lib: dash.xex, ordinal: 2A28)
w> 00002DC0 WARNING: an import variable was not resolved! (library: dash.ExtraAVCodecs, import lib: dash.xex, ordinal: 2A28)
w> 00002DC0 WARNING: Imported kernel function __dash_2A28 is unimplemented!
w> 00002DC0 WARNING: an import variable was not resolved! (library: dash.ExtraAVCodecs, import lib: dash.xex, ordinal: 2D22)
w> 00002DC0 WARNING: an import variable was not resolved! (library: dash.ExtraAVCodecs, import lib: dash.xex, ordinal: 2D22)
w> 00002DC0 WARNING: Imported kernel function __dash_2D22 is unimplemented!
w> 00002DC0 WARNING: an import variable was not resolved! (library: dash.ExtraAVCodecs, import lib: dash.xex, ordinal: 2A1D)
w> 00002DC0 WARNING: an import variable was not resolved! (library: dash.ExtraAVCodecs, import lib: dash.xex, ordinal: 2A1D)
w> 00002DC0 WARNING: Imported kernel function __dash_2A1D is unimplemented!
w> 00002DC0 WARNING: an import variable was not resolved! (library: dash.ExtraAVCodecs, import lib: dash.xex, ordinal: 2A2B)
w> 00002DC0 WARNING: an import variable was not resolved! (library: dash.ExtraAVCodecs, import lib: dash.xex, ordinal: 2A2B)
w> 00002DC0 WARNING: Imported kernel function __dash_2A2B is unimplemented!
!> 00002DC0 ResolvePath(dash) failed - device not found
!> 00002DC0 ResolvePath(dash) failed - device not found
!> 00002DC0 ResolvePath(dash) failed - device not found
!> 00002DC0 ResolvePath(dash) failed - device not found
!> 00002DC0 ResolvePath(dash) failed - device not found
!> 00002DC0 ResolvePath(dash) failed - device not found
!> 00002DC0 ResolvePath(dash) failed - device not found
!> 00002DC0 ResolvePath(dash) failed - device not found
!> 00002DC0 ResolvePath(dash) failed - device not found
!> 00002DC0 ResolvePath(dash) failed - device not found
!> 00002DC0 ResolvePath(dash) failed - device not found
!> 00002DC0 ResolvePath(dash) failed - device not found
!> 00002DC0 ResolvePath(dash) failed - device not found
!> 00002DC0 ResolvePath(dash) failed - device not found
!> 00002DC0 ResolvePath(dash) failed - device not found
!> 00002DC0 ResolvePath(dash) failed - device not found
!> 00002DC0 ResolvePath(dash) failed - device not found
!> 00002DC0 ResolvePath(dash) failed - device not found
!> 00002DC0 ResolvePath(dash) failed - device not found
!> 00002DC0 ResolvePath(dash) failed - device not found
!> 00002DC0 ResolvePath(dash) failed - device not found
!> 00002DC0 ResolvePath(dash) failed - device not found
!> 00002DC0 ResolvePath(dash) failed - device not found
!> 00002DC0 ResolvePath(dash) failed - device not found
!> 00002DC0 ResolvePath(dash) failed - device not found
!> 00002DC0 ResolvePath(dash) failed - device not found
!> 00002DC0 ResolvePath(dash) failed - device not found
!> 00002DC0 ResolvePath(dash) failed - device not found
!> 00002DC0 ResolvePath(dash) failed - device not found
!> 00002DC0 ResolvePath(dash) failed - device not found
!> 00002DC0 ResolvePath(dash) failed - device not found
!> 00002DC0 ResolvePath(dash) failed - device not found
!> 00002DC0 ResolvePath(dash) failed - device not found
!> 00002DC0 ResolvePath(dash) failed - device not found
!> 00002DC0 ResolvePath(dash) failed - device not found
!> 00002DC0 ResolvePath(dash) failed - device not found
!> 00002DC0 ResolvePath(dash) failed - device not found
!> 00002DC0 ResolvePath(dash) failed - device not found
!> 00002DC0 ResolvePath(dash) failed - device not found
!> 00002DC0 ResolvePath(dash) failed - device not found
!> 00002DC0 ResolvePath(dash) failed - device not found
!> 00002DC0 ResolvePath(dash) failed - device not found
!> 00002DC0 ResolvePath(dash) failed - device not found
!> 00002DC0 ResolvePath(dash) failed - device not found
!> 00002DC0 ResolvePath(dash) failed - device not found
!> 00002DC0 ResolvePath(dash) failed - device not found
!> 00002DC0 ResolvePath(dash) failed - device not found
!> 00002DC0 ResolvePath(dash) failed - device not found
!> 00002DC0 ResolvePath(dash) failed - device not found
!> 00002DC0 ResolvePath(dash) failed - device not found
!> 00002DC0 ResolvePath(dash) failed - device not found
!> 00002DC0 ResolvePath(dash) failed - device not found
!> 00002DC0 ResolvePath(dash) failed - device not found
!> 00002DC0 ResolvePath(dash) failed - device not found
!> 00002DC0 ResolvePath(dash) failed - device not found
!> 00002DC0 ResolvePath(dash) failed - device not found
!> 00002DC0 ResolvePath(dash) failed - device not found
!> 00002DC0 ResolvePath(dash) failed - device not found
!> 00002DC0 ResolvePath(dash) failed - device not found
!> 00002DC0 ResolvePath(dash) failed - device not found
!> 00002DC0 ResolvePath(dash) failed - device not found
!> 00002DC0 ResolvePath(dash) failed - device not found
